SIMPLE  =                    T / Written by IDL:  Fri Mar 15 07:20:36 2019      
BITPIX  =                  -32 / IEEE single precision floating point           
NAXIS   =                    2 / Number of axes                                 
NAXIS1  =               214823 /Number of positions along axis 1                
NAXIS2  =                   24 /Number of positions along axis 2                
COMMENT ---------- CFHT acknowledgement ----------                              
COMMENT Acknowledgement for CFHT data is as follows:                            
COMMENT Based on observations obtained at the Canada-France-Hawaii              
COMMENT Telescope (CFHT) which is operated by the National Research             
COMMENT Council of Canada, the Institut National des Sciences de l'Univers      
COMMENT of the Centre National de la Recherche Scientique of France,            
COMMENT and the University of Hawaii.                                           
COMMENT                                                                         
COMMENT Fully reduced by Upena at CFHT                                          
COMMENT ----------- Upena Reduction ----------                                  
COMMENT Upena version 1.1 January 2016                                          
COMMENT Upena processing date: Fri Mar 15 07:20:36 HST 2019                     
COMMENT Upena website: http://www.cfht.hawaii.edu/Instruments/Upena/            
COMMENT Upena email: upena@cfht.hawaii.edu                                      
COMMENT Upena uses J-F. Donati's software Libre-ESpRIT                          
COMMENT Version 2.12 (2016 Jan. 13)                                             
COMMENT Libre-ESpRIT reference: Donati et al., 1997, MNRAS, 291, 658            
REDUCTIO= 'Polar   '           / Type of reduction                              
NORMAL  =                    2 / Normalized and Un-normalized Data              
COMMENT  File contains automatic wavelength correction and uncorrected data.    
COL1    = 'Wavelength'         / Normalized                                     
COL2    = 'Intensity'          / Normalized                                     
COL3    = 'Stokes  '           / Normalized                                     
COL4    = 'CheckN1 '           / Normalized                                     
COL5    = 'CheckN2 '           / Normalized                                     
COL6    = 'ErrorBar'           / Normalized                                     
COL7    = 'Wavelength'         / UnNormalized                                   
COL8    = 'Intensity'          / UnNormalized                                   
COL9    = 'Stokes  '           / UnNormalized                                   
COL10   = 'CheckN1 '           / UnNormalized                                   
COL11   = 'CheckN2 '           / UnNormalized                                   
COL12   = 'ErrorBar'           / UnNormalized                                   
COL13   = 'Wavelength'         / Normalized, no autowave correction             
COL14   = 'Intensity'          / Normalized, no autowave correction             
COL15   = 'Stokes  '           / Normalized, no autowave correction             
COL16   = 'CheckN1 '           / Normalized, no autowave correction             
COL17   = 'CheckN2 '           / Normalized, no autowave correction             
COL18   = 'ErrorBar'           / Normalized, no autowave correction             
COL19   = 'Wavelength'         / UnNormalized, no autowave correction           
COL20   = 'Intensity'          / UnNormalized, no autowave correction           
COL21   = 'Stokes  '           / UnNormalized, no autowave correction           
COL22   = 'CheckN1 '           / UnNormalized, no autowave correction           
COL23   = 'CheckN2 '           / UnNormalized, no autowave correction           
COL24   = 'ErrorBar'           / UnNormalized, no autowave correction           
COMMENT For Stokes Q, V, and W, keep the Stokes parameter sign as is            
COMMENT For Stokes U, invert the sign of the Stokes parameter                   
POLARSEQ=                    4 / Number of images in polar sequence             
STARTSEQ=                    1 / Start image of polar sequence                  
COMMENT Source files 2378196o 2378197o 2378198o 2378199o                        
COMMENT Polar sequence of 4 images, starting at image 1                         
INHERIT =                    F / No need to inherit global keywords             
BZERO   =                    0 / Zero factor                                    
BSCALE  =              1.00000 / Scale factor                                   
CMMTOBS = 'N/A     '                                                            
CMMTSEQ = 'V exposure 1, sequence 1 of 1'                                       
OBJECT  = 'HD46328 '                                                            
OBSERVER= 'QSO Team'                                                            
PI_NAME = 'Matthew Shultz'                                                      
RUNID   = '19AC20  '                                                            
FILENAME= '2378196p'           / Base filename at reduction                     
FILENAM1= '2378196o'           / Base filename at acquisition                   
FILENAM2= '2378197o'           / Base filename at acquisition                   
FILENAM3= '2378198o'           / Base filename at acquisition                   
FILENAM4= '2378199o'           / Base filename at acquisition                   
PATHNAME= '/data/sessions/espadons/19AQ04-Mar14' / Original directory name at ac
DATE    = '2019-03-15T07:20:36' / UTC Date of reduction                         
DATE1   = '2019-03-15T06:21:41' / UTC Date of file acquisition                  
DATE2   = '2019-03-15T06:23:17' / UTC Date of file acquisition                  
DATE3   = '2019-03-15T06:24:52' / UTC Date of file acquisition                  
DATE4   = '2019-03-15T06:26:27' / UTC Date of file acquisition                  
IMAGESWV= 'CFHT DetCom v3.6018 (Aug 17 2018)' / Image creation software version 
OBSTYPE = 'OBJECT  '           / Observation / Exposure type                    
EXPTYPE = 'OBJECT  '           / See OBSTYPE                                    
EXPNUM1 = '2378196 '           / CFHT odometer number                           
EXPNUM2 = '2378197 '           / CFHT odometer number                           
EXPNUM3 = '2378198 '           / CFHT odometer number                           
EXPNUM4 = '2378199 '           / CFHT odometer number                           
EXPTIME1= '70.0000 '           / Integration time (seconds)                     
EXPTIME2= '70.0000 '           / Integration time (seconds)                     
EXPTIME3= '70.0000 '           / Integration time (seconds)                     
EXPTIME4= '70.0000 '           / Integration time (seconds)                     
DARKTIME=               70.000 / [sec] Dark current time                        
SHUTOPEN= '2019-03-15T6:20:31.415' / Shutter blade opening time (UTC)           
SHUTCLOS= '2019-03-15T6:21:41.457' / Shutter blade closing time (UTC)           
DETECTOR= 'OLAPA   '           / Science Detector                               
IMAGEID =                    0 / CCD chip number                                
CHIPID  =                    0 / Use IMAGEID instead                            
DETSIZE = '[1:2048,1:4608]'    / Total data pixels in full mosaic               
RASTER  = 'FULL    '           / Active raster description                      
CCDSUM  = '1 1     '           / Binning factors                                
CCDBIN1 =                    1 / Binning factor along first axis                
CCDBIN2 =                    1 / Binning factor along second axis               
PIXSIZE =                 13.5 / Pixel size for both axes (microns)             
AMPLIST = 'a,b     '           / List of amplifiers for this image              
CCDSIZE = '[1:2048,1:4608]'    / Detector imaging area size                     
CCDSEC  = '[21:2068,1:4608]'   / Read out area of the detector (unbinned)       
DATASEC = '[21:2068,1:4608]'   / Imaging area of the detector                   
TRIMSEC = '[21:2068,4:4605]'   / Useful imaging area of the detector            
BSECA   = '[1:20,1:4608]'      / Overscan/prescan (bias) area from Amp A        
BSECB   = '[2069:2088,1:4608]' / Overscan/prescan (bias) area from Amp B        
CSECA   = '[21:1044,1:4608]'   / Section in full CCD for DSECA                  
CSECB   = '[1045:2068,1:4608]' / Section in full CCD for DSECB                  
DSECA   = '[21:1044,1:4608]'   / Imaging area from Amp A                        
DSECB   = '[1045:2068,1:4608]' / Imaging area from Amp B                        
TSECA   = '[21:1044,4:4605]'   / Trim section for Amp A                         
TSECB   = '[1045:2068,4:4605]' / Trim section for Amp B                         
MAXLIN  =                65535 / Maximum linearity value (ADU)                  
SATURATE=                65535 / Saturation value (ADU)                         
GAINA   =                 1.30 / Amp A gain (electrons/ADU)                     
GAINB   =                 1.30 / Amp B gain (electrons/ADU)                     
RDNOISEA=                 4.20 / Amp A read noise (electrons)                   
RDNOISEB=                 4.10 / Amp B read noise (electrons)                   
DARKCUR =                    0 / Dark current (e-/pixel/hour)                   
RDTIME  =                19.00 / Read out time (sec)                            
MDCOORDS=                    1 / Sequence number within the exposure sequence   
MDREPEAT=                    1 / Total number of sequences                      
CMPLTEXP=                    1 / Exposure number within the exposure sequence   
NEXP    =                    4 / Total number of exposures within the sequence  
CONSWV  = 'olD=137,DCU=49'     / Controller software DSPID and SERNO versions   
DETSTAT = 'ok      '           / Detector temp range (-105..-90)                
DETTEM1 = '-100.200'           / Detector temp deg C = 773 + -0.292 * 3125      
DETTEM2 = '-100.200'           / Detector temp deg C = 773 + -0.292 * 3125      
DETTEM3 = '-100.200'           / Detector temp deg C = 773 + -0.292 * 3125      
DETTEM4 = '-100.200'           / Detector temp deg C = 773 + -0.292 * 3125      
TELESCOP= 'CFHT 3.6m'          / Hawaii Big Island, Mauna Kea                   
COMMENT ---- This section contains data from 2378196pn.out ----                 
COMMENT Bias file: 2378117b.fits                                                
COMMENT Detector gain (e/ADU) and read-out noise (e) : 1.220 3.590              
COMMENT Rejection threshold for unpolarised spectra [default = 10.0] : 20.0     
COMMENT Accuracy of 2d bias fit : 0.38 ADU; Readout noise : 3.00 ADU            
COMMENT Accuracy of 2d bias fit : 0.37 ADU; Readout noise : 2.99 ADU            
COMMENT Order # 22 : columns -14.0 to 14.4 (sep. @ col -0.4)                    
COMMENT Order # 23 : columns -14.0 to 14.0 (sep. @ col -0.4)                    
COMMENT Order # 24 : columns -14.0 to 14.0 (sep. @ col -0.4)                    
COMMENT Order # 25 : columns -13.6 to 14.0 (sep. @ col -0.4)                    
COMMENT Order # 26 : columns -13.6 to 14.0 (sep. @ col -0.4)                    
COMMENT Order # 27 : columns -13.6 to 14.0 (sep. @ col -0.4)                    
COMMENT Order # 28 : columns -13.6 to 14.0 (sep. @ col -0.4)                    
COMMENT Order # 29 : columns -13.6 to 14.0 (sep. @ col -0.4)                    
COMMENT Order # 30 : columns -13.6 to 14.0 (sep. @ col -0.4)                    
COMMENT Order # 31 : columns -13.6 to 14.0 (sep. @ col -0.4)                    
COMMENT Order # 32 : columns -13.6 to 14.0 (sep. @ col -0.4)                    
COMMENT Order # 33 : columns -13.6 to 14.0 (sep. @ col -0.4)                    
COMMENT Order # 34 : columns -13.6 to 14.0 (sep. @ col -0.4)                    
COMMENT Order # 35 : columns -13.6 to 14.0 (sep. @ col -0.4)                    
COMMENT Order # 36 : columns -13.6 to 14.0 (sep. @ col -0.4)                    
COMMENT Order # 37 : columns -13.6 to 14.0 (sep. @ col -0.4)                    
COMMENT Order # 38 : columns -13.6 to 14.0 (sep. @ col -0.4)                    
COMMENT Order # 39 : columns -13.6 to 14.0 (sep. @ col -0.4)                    
COMMENT Order # 40 : columns -14.0 to 14.4 (sep. @ col -0.4)                    
COMMENT Order # 41 : columns -13.6 to 14.0 (sep. @ col -0.4)                    
COMMENT Order # 42 : columns -13.6 to 14.0 (sep. @ col -0.4)                    
COMMENT Order # 43 : columns -13.6 to 14.4 (sep. @ col -0.4)                    
COMMENT Order # 44 : columns -14.0 to 14.4 (sep. @ col -0.4)                    
COMMENT Order # 45 : columns -14.0 to 14.4 (sep. @ col -0.4)                    
COMMENT Order # 46 : columns -14.0 to 14.4 (sep. @ col -0.4)                    
COMMENT Order # 47 : columns -14.0 to 14.0 (sep. @ col -0.4)                    
COMMENT Order # 48 : columns -14.0 to 14.0 (sep. @ col -0.4)                    
COMMENT Order # 49 : columns -14.0 to 14.0 (sep. @ col -0.4)                    
COMMENT Order # 50 : columns -14.0 to 14.4 (sep. @ col -0.4)                    
COMMENT Order # 51 : columns -14.0 to 14.4 (sep. @ col -0.4)                    
COMMENT Order # 52 : columns -14.0 to 14.4 (sep. @ col -0.4)                    
COMMENT Order # 53 : columns -14.0 to 14.4 (sep. @ col -0.4)                    
COMMENT Order # 54 : columns -14.0 to 14.4 (sep. @ col -0.4)                    
COMMENT Order # 55 : columns -14.4 to 14.4 (sep. @ col -0.4)                    
COMMENT Order # 56 : columns -14.4 to 14.4 (sep. @ col -0.4)                    
COMMENT Order # 57 : columns -14.4 to 14.4 (sep. @ col -0.4)                    
COMMENT Order # 58 : columns -16.8 to 14.4 (sep. @ col -0.4)                    
COMMENT Order # 59 : columns -28.0 to 14.4 (sep. @ col -9.6)                    
COMMENT Order # 60 : columns -16.0 to 42.8 (sep. @ col 15.6)                    
COMMENT Order # 61 : columns -33.2 to 39.2 (sep. @ col 0.4)                     
COMMENT Correcting wavelength scale from Earth motion...                        
COMMENT Coordinates of object : 6:31:51.37 & -23:25: 6.3                        
COMMENT Time of observations : 2019 3 15 @ UT 6:23:30                           
COMMENT (hour angle = 0.998 hr, airmass = 1.428 )                               
COMMENT Total exposure time : 280.0 s (70.0+70.0+70.0+70.0 s)                   
COMMENT Cosine latitude of observatory : 0.941                                  
COMMENT Heliocentric velocity of observer towards star : -19.776 km/s           
COMMENT Geocentric Julian date (UTC) : 2458557.76632                            
COMMENT Heliocentric Julian date (UTC) : 2458557.76842                          
COMMENT Heliocentric Julian date (TT) : 2458557.76922                           
COMMENT SNR per spec/ccd pxl in order # 61 (371 nm)                             
COMMENT  I> 62 / 73 V> 51 / 60 N> 51 / 61                                       
COMMENT SNR per spec/ccd pxl in order # 60 (377 nm)                             
COMMENT  I> 16 / 19 V> 11 / 13 N> 11 / 12                                       
COMMENT SNR per spec/ccd pxl in order # 59 (384 nm)                             
COMMENT  I> 72 / 86 V> 40 / 47 N> 43 / 51                                       
COMMENT SNR per spec/ccd pxl in order # 58 (390 nm)                             
COMMENT  I> 194 / 232 V> 184 / 220 N> 184 / 220                                 
COMMENT SNR per spec/ccd pxl in order # 57 (397 nm)                             
COMMENT  I> 253 / 303 V> 230 / 275 N> 246 / 295                                 
COMMENT SNR per spec/ccd pxl in order # 56 (404 nm)                             
COMMENT  I> 315 / 377 V> 291 / 349 N> 301 / 361                                 
COMMENT SNR per spec/ccd pxl in order # 55 (412 nm)                             
COMMENT  I> 362 / 435 V> 332 / 398 N> 345 / 414                                 
COMMENT SNR per spec/ccd pxl in order # 54 (419 nm)                             
COMMENT  I> 402 / 483 V> 383 / 459 N> 381 / 457                                 
COMMENT SNR per spec/ccd pxl in order # 53 (427 nm)                             
COMMENT  I> 433 / 519 V> 409 / 490 N> 412 / 494                                 
COMMENT SNR per spec/ccd pxl in order # 52 (435 nm)                             
COMMENT  I> 466 / 560 V> 423 / 508 N> 437 / 524                                 
COMMENT SNR per spec/ccd pxl in order # 51 (444 nm)                             
COMMENT  I> 499 / 599 V> 462 / 554 N> 462 / 554                                 
COMMENT SNR per spec/ccd pxl in order # 50 (453 nm)                             
COMMENT  I> 533 / 640 V> 495 / 594 N> 503 / 604                                 
COMMENT SNR per spec/ccd pxl in order # 49 (462 nm)                             
COMMENT  I> 562 / 674 V> 481 / 577 N> 526 / 631                                 
COMMENT SNR per spec/ccd pxl in order # 48 (472 nm)                             
COMMENT  I> 579 / 695 V> 524 / 629 N> 556 / 667                                 
COMMENT SNR per spec/ccd pxl in order # 47 (482 nm)                             
COMMENT  I> 610 / 732 V> 576 / 692 N> 574 / 688                                 
COMMENT SNR per spec/ccd pxl in order # 46 (492 nm)                             
COMMENT  I> 641 / 770 V> 588 / 706 N> 583 / 700                                 
COMMENT SNR per spec/ccd pxl in order # 45 (503 nm)                             
COMMENT  I> 657 / 788 V> 589 / 706 N> 627 / 753                                 
COMMENT SNR per spec/ccd pxl in order # 44 (515 nm)                             
COMMENT  I> 673 / 808 V> 627 / 753 N> 632 / 759                                 
COMMENT SNR per spec/ccd pxl in order # 43 (527 nm)                             
COMMENT  I> 679 / 816 V> 624 / 749 N> 639 / 767                                 
COMMENT SNR per spec/ccd pxl in order # 42 (539 nm)                             
COMMENT  I> 683 / 820 V> 635 / 762 N> 642 / 770                                 
COMMENT SNR per spec/ccd pxl in order # 41 (552 nm)                             
COMMENT  I> 685 / 822 V> 628 / 753 N> 631 / 757                                 
COMMENT SNR per spec/ccd pxl in order # 40 (566 nm)                             
COMMENT  I> 681 / 818 V> 604 / 724 N> 639 / 767                                 
COMMENT SNR per spec/ccd pxl in order # 39 (581 nm)                             
COMMENT  I> 669 / 803 V> 610 / 732 N> 631 / 757                                 
COMMENT SNR per spec/ccd pxl in order # 38 (596 nm)                             
COMMENT  I> 671 / 805 V> 622 / 746 N> 626 / 751                                 
COMMENT SNR per spec/ccd pxl in order # 37 (612 nm)                             
COMMENT  I> 669 / 803 V> 619 / 742 N> 619 / 743                                 
COMMENT SNR per spec/ccd pxl in order # 36 (629 nm)                             
COMMENT  I> 670 / 804 V> 625 / 750 N> 610 / 732                                 
COMMENT SNR per spec/ccd pxl in order # 35 (647 nm)                             
COMMENT  I> 677 / 812 V> 630 / 757 N> 610 / 732                                 
COMMENT SNR per spec/ccd pxl in order # 34 (666 nm)                             
COMMENT  I> 680 / 816 V> 608 / 730 N> 624 / 749                                 
COMMENT SNR per spec/ccd pxl in order # 33 (686 nm)                             
COMMENT  I> 674 / 809 V> 622 / 747 N> 641 / 769                                 
COMMENT SNR per spec/ccd pxl in order # 32 (708 nm)                             
COMMENT  I> 666 / 799 V> 625 / 750 N> 607 / 729                                 
COMMENT SNR per spec/ccd pxl in order # 31 (730 nm)                             
COMMENT  I> 659 / 792 V> 610 / 732 N> 618 / 742                                 
COMMENT SNR per spec/ccd pxl in order # 30 (755 nm)                             
COMMENT  I> 639 / 767 V> 571 / 686 N> 559 / 670                                 
COMMENT SNR per spec/ccd pxl in order # 29 (781 nm)                             
COMMENT  I> 637 / 764 V> 584 / 701 N> 579 / 694                                 
COMMENT SNR per spec/ccd pxl in order # 28 (809 nm)                             
COMMENT  I> 619 / 742 V> 573 / 688 N> 575 / 690                                 
COMMENT SNR per spec/ccd pxl in order # 27 (839 nm)                             
COMMENT  I> 598 / 718 V> 557 / 668 N> 542 / 651                                 
COMMENT SNR per spec/ccd pxl in order # 26 (871 nm)                             
COMMENT  I> 575 / 689 V> 534 / 641 N> 526 / 632                                 
COMMENT SNR per spec/ccd pxl in order # 25 (906 nm)                             
COMMENT  I> 527 / 632 V> 499 / 599 N> 484 / 581                                 
COMMENT SNR per spec/ccd pxl in order # 24 (943 nm)                             
COMMENT  I> 418 / 502 V> 382 / 458 N> 372 / 446                                 
COMMENT SNR per spec/ccd pxl in order # 23 (985 nm)                             
COMMENT  I> 284 / 340 V> 251 / 301 N> 256 / 306                                 
COMMENT SNR per spec/ccd pxl in order # 22 (1029 nm)                            
COMMENT  I> 107 / 128 V> 88 / 105 N> 91 / 109                                   
COMMENT >>> radial velocity correction from telluric lines (km/s): 0.136        
COMMENT >>> fwhm / ew of telluric lsd profile (km/s): 11.143 7.864              
COMMENT >>> H2O col density from tel lines (mm of H2O): 2.261 at airmass 1.428  
COMMENT >>> vmag/teff estimate from sn curve (mag/K): 4.95 9845                 
COMMENT ---- End of data from 2378196pn.out ----                                
COMMENT ---- This section contains data from 2378196pu.out ----                 
COMMENT Bias file: 2378117b.fits                                                
COMMENT Detector gain (e/ADU) and read-out noise (e) : 1.220 3.590              
COMMENT Rejection threshold for unpolarised spectra [default = 10.0] : 20.0     
COMMENT Accuracy of 2d bias fit : 0.38 ADU; Readout noise : 3.00 ADU            
COMMENT Accuracy of 2d bias fit : 0.37 ADU; Readout noise : 2.99 ADU            
COMMENT Order # 22 : columns -14.0 to 14.4 (sep. @ col -0.4)                    
COMMENT Order # 23 : columns -14.0 to 14.0 (sep. @ col -0.4)                    
COMMENT Order # 24 : columns -14.0 to 14.0 (sep. @ col -0.4)                    
COMMENT Order # 25 : columns -13.6 to 14.0 (sep. @ col -0.4)                    
COMMENT Order # 26 : columns -13.6 to 14.0 (sep. @ col -0.4)                    
COMMENT Order # 27 : columns -13.6 to 14.0 (sep. @ col -0.4)                    
COMMENT Order # 28 : columns -13.6 to 14.0 (sep. @ col -0.4)                    
COMMENT Order # 29 : columns -13.6 to 14.0 (sep. @ col -0.4)                    
COMMENT Order # 30 : columns -13.6 to 14.0 (sep. @ col -0.4)                    
COMMENT Order # 31 : columns -13.6 to 14.0 (sep. @ col -0.4)                    
COMMENT Order # 32 : columns -13.6 to 14.0 (sep. @ col -0.4)                    
COMMENT Order # 33 : columns -13.6 to 14.0 (sep. @ col -0.4)                    
COMMENT Order # 34 : columns -13.6 to 14.0 (sep. @ col -0.4)                    
COMMENT Order # 35 : columns -13.6 to 14.0 (sep. @ col -0.4)                    
COMMENT Order # 36 : columns -13.6 to 14.0 (sep. @ col -0.4)                    
COMMENT Order # 37 : columns -13.6 to 14.0 (sep. @ col -0.4)                    
COMMENT Order # 38 : columns -13.6 to 14.0 (sep. @ col -0.4)                    
COMMENT Order # 39 : columns -13.6 to 14.0 (sep. @ col -0.4)                    
COMMENT Order # 40 : columns -14.0 to 14.4 (sep. @ col -0.4)                    
COMMENT Order # 41 : columns -13.6 to 14.0 (sep. @ col -0.4)                    
COMMENT Order # 42 : columns -13.6 to 14.0 (sep. @ col -0.4)                    
COMMENT Order # 43 : columns -13.6 to 14.4 (sep. @ col -0.4)                    
COMMENT Order # 44 : columns -14.0 to 14.4 (sep. @ col -0.4)                    
COMMENT Order # 45 : columns -14.0 to 14.4 (sep. @ col -0.4)                    
COMMENT Order # 46 : columns -14.0 to 14.4 (sep. @ col -0.4)                    
COMMENT Order # 47 : columns -14.0 to 14.0 (sep. @ col -0.4)                    
COMMENT Order # 48 : columns -14.0 to 14.0 (sep. @ col -0.4)                    
COMMENT Order # 49 : columns -14.0 to 14.0 (sep. @ col -0.4)                    
COMMENT Order # 50 : columns -14.0 to 14.4 (sep. @ col -0.4)                    
COMMENT Order # 51 : columns -14.0 to 14.4 (sep. @ col -0.4)                    
COMMENT Order # 52 : columns -14.0 to 14.4 (sep. @ col -0.4)                    
COMMENT Order # 53 : columns -14.0 to 14.4 (sep. @ col -0.4)                    
COMMENT Order # 54 : columns -14.0 to 14.4 (sep. @ col -0.4)                    
COMMENT Order # 55 : columns -14.4 to 14.4 (sep. @ col -0.4)                    
COMMENT Order # 56 : columns -14.4 to 14.4 (sep. @ col -0.4)                    
COMMENT Order # 57 : columns -14.4 to 14.4 (sep. @ col -0.4)                    
COMMENT Order # 58 : columns -16.8 to 14.4 (sep. @ col -0.4)                    
COMMENT Order # 59 : columns -28.0 to 14.4 (sep. @ col -9.6)                    
COMMENT Order # 60 : columns -16.0 to 42.8 (sep. @ col 15.6)                    
COMMENT Order # 61 : columns -33.2 to 39.2 (sep. @ col 0.4)                     
COMMENT Correcting wavelength scale from Earth motion...                        
COMMENT Coordinates of object : 6:31:51.37 & -23:25: 6.3                        
COMMENT Time of observations : 2019 3 15 @ UT 6:23:30 (hour angle = 0.998 hr, a 
COMMENT Total exposure time : 280.0 s (70.0+70.0+70.0+70.0 s)                   
COMMENT Cosine latitude of observatory : 0.941                                  
COMMENT Heliocentric velocity of observer towards star : -19.776 km/s           
COMMENT Geocentric Julian date (UTC) : 2458557.76632                            
COMMENT Heliocentric Julian date (UTC) : 2458557.76842                          
COMMENT Heliocentric Julian date (TT) : 2458557.76922                           
COMMENT SNR per spec/ccd pxl in order # 61 (371 nm)                             
COMMENT  I> 43 / 50 V> 35 / 41 N> 36 / 42                                       
COMMENT SNR per spec/ccd pxl in order # 60 (377 nm)                             
COMMENT  I> 13 / 15 V> 9 / 10 N> 9 / 10                                         
COMMENT SNR per spec/ccd pxl in order # 59 (384 nm)                             
COMMENT  I> 73 / 87 V> 40 / 47 N> 43 / 51                                       
COMMENT SNR per spec/ccd pxl in order # 58 (390 nm)                             
COMMENT  I> 198 / 237 V> 186 / 222 N> 185 / 221                                 
COMMENT SNR per spec/ccd pxl in order # 57 (397 nm)                             
COMMENT  I> 254 / 304 V> 231 / 276 N> 246 / 295                                 
COMMENT SNR per spec/ccd pxl in order # 56 (404 nm)                             
COMMENT  I> 313 / 376 V> 288 / 345 N> 299 / 358                                 
COMMENT SNR per spec/ccd pxl in order # 55 (412 nm)                             
COMMENT  I> 344 / 412 V> 311 / 372 N> 325 / 390                                 
COMMENT SNR per spec/ccd pxl in order # 54 (419 nm)                             
COMMENT  I> 398 / 477 V> 378 / 453 N> 377 / 452                                 
COMMENT SNR per spec/ccd pxl in order # 53 (427 nm)                             
COMMENT  I> 430 / 515 V> 405 / 486 N> 409 / 491                                 
COMMENT SNR per spec/ccd pxl in order # 52 (435 nm)                             
COMMENT  I> 443 / 532 V> 398 / 478 N> 418 / 501                                 
COMMENT SNR per spec/ccd pxl in order # 51 (444 nm)                             
COMMENT  I> 487 / 584 V> 445 / 533 N> 445 / 533                                 
COMMENT SNR per spec/ccd pxl in order # 50 (453 nm)                             
COMMENT  I> 523 / 628 V> 487 / 585 N> 493 / 592                                 
COMMENT SNR per spec/ccd pxl in order # 49 (462 nm)                             
COMMENT  I> 548 / 658 V> 458 / 549 N> 512 / 614                                 
COMMENT SNR per spec/ccd pxl in order # 48 (472 nm)                             
COMMENT  I> 582 / 698 V> 526 / 631 N> 558 / 670                                 
COMMENT SNR per spec/ccd pxl in order # 47 (482 nm)                             
COMMENT  I> 610 / 732 V> 575 / 690 N> 572 / 687                                 
COMMENT SNR per spec/ccd pxl in order # 46 (492 nm)                             
COMMENT  I> 635 / 762 V> 581 / 697 N> 577 / 693                                 
COMMENT SNR per spec/ccd pxl in order # 45 (503 nm)                             
COMMENT  I> 656 / 787 V> 585 / 702 N> 626 / 752                                 
COMMENT SNR per spec/ccd pxl in order # 44 (515 nm)                             
COMMENT  I> 673 / 808 V> 626 / 752 N> 632 / 759                                 
COMMENT SNR per spec/ccd pxl in order # 43 (527 nm)                             
COMMENT  I> 681 / 817 V> 624 / 749 N> 640 / 768                                 
COMMENT SNR per spec/ccd pxl in order # 42 (539 nm)                             
COMMENT  I> 684 / 821 V> 636 / 763 N> 642 / 771                                 
COMMENT SNR per spec/ccd pxl in order # 41 (552 nm)                             
COMMENT  I> 684 / 821 V> 627 / 752 N> 630 / 756                                 
COMMENT SNR per spec/ccd pxl in order # 40 (566 nm)                             
COMMENT  I> 677 / 813 V> 598 / 718 N> 635 / 762                                 
COMMENT SNR per spec/ccd pxl in order # 39 (581 nm)                             
COMMENT  I> 672 / 807 V> 612 / 735 N> 634 / 761                                 
COMMENT SNR per spec/ccd pxl in order # 38 (596 nm)                             
COMMENT  I> 669 / 803 V> 620 / 745 N> 624 / 749                                 
COMMENT SNR per spec/ccd pxl in order # 37 (612 nm)                             
COMMENT  I> 668 / 801 V> 617 / 740 N> 617 / 741                                 
COMMENT SNR per spec/ccd pxl in order # 36 (629 nm)                             
COMMENT  I> 665 / 798 V> 621 / 745 N> 606 / 727                                 
COMMENT SNR per spec/ccd pxl in order # 35 (647 nm)                             
COMMENT  I> 669 / 803 V> 623 / 747 N> 602 / 723                                 
COMMENT SNR per spec/ccd pxl in order # 34 (666 nm)                             
COMMENT  I> 668 / 802 V> 594 / 713 N> 613 / 736                                 
COMMENT SNR per spec/ccd pxl in order # 33 (686 nm)                             
COMMENT  I> 657 / 788 V> 592 / 711 N> 615 / 739                                 
COMMENT SNR per spec/ccd pxl in order # 32 (708 nm)                             
COMMENT  I> 670 / 804 V> 627 / 753 N> 611 / 733                                 
COMMENT SNR per spec/ccd pxl in order # 31 (730 nm)                             
COMMENT  I> 660 / 793 V> 609 / 731 N> 619 / 743                                 
COMMENT SNR per spec/ccd pxl in order # 30 (755 nm)                             
COMMENT  I> 605 / 726 V> 511 / 614 N> 495 / 594                                 
COMMENT SNR per spec/ccd pxl in order # 29 (781 nm)                             
COMMENT  I> 636 / 763 V> 583 / 699 N> 577 / 693                                 
COMMENT SNR per spec/ccd pxl in order # 28 (809 nm)                             
COMMENT  I> 611 / 733 V> 565 / 678 N> 567 / 680                                 
COMMENT SNR per spec/ccd pxl in order # 27 (839 nm)                             
COMMENT  I> 591 / 709 V> 549 / 659 N> 535 / 643                                 
COMMENT SNR per spec/ccd pxl in order # 26 (871 nm)                             
COMMENT  I> 570 / 684 V> 530 / 635 N> 522 / 627                                 
COMMENT SNR per spec/ccd pxl in order # 25 (906 nm)                             
COMMENT  I> 517 / 620 V> 489 / 586 N> 474 / 569                                 
COMMENT SNR per spec/ccd pxl in order # 24 (943 nm)                             
COMMENT  I> 388 / 465 V> 330 / 396 N> 324 / 389                                 
COMMENT SNR per spec/ccd pxl in order # 23 (985 nm)                             
COMMENT  I> 278 / 334 V> 247 / 296 N> 251 / 301                                 
COMMENT SNR per spec/ccd pxl in order # 22 (1029 nm)                            
COMMENT  I> 110 / 131 V> 92 / 109 N> 95 / 113                                   
COMMENT >>> radial velocity correction from telluric lines (km/s): 0.422        
COMMENT >>> fwhm / ew of telluric lsd profile (km/s): 6.296 5.750               
COMMENT >>> H2O col density from tel lines (mm of H2O): -0.099 at airmass 1.428 
COMMENT ---- End of from 2378196pu.out ----                                     
COMMENT ---- This section contains data from wcal_OLAPA-ab_pol_Normal.out ----  
COMMENT Mean spectral resolution in order #22 : 65347 (acc : 1300, #lines : 44) 
COMMENT Mean spectral resolution in order #23 : 65528 (acc : 1046, #lines : 60) 
COMMENT Mean spectral resolution in order #24 : 64053 (acc : 937, #lines : 46)  
COMMENT Mean spectral resolution in order #25 : 67761 (acc : 929, #lines : 61)  
COMMENT Mean spectral resolution in order #26 : 66111 (acc : 1123, #lines : 49) 
COMMENT Mean spectral resolution in order #27 : 65534 (acc : 1293, #lines : 44) 
COMMENT Mean spectral resolution in order #28 : 67304 (acc : 792, #lines : 58)  
COMMENT Mean spectral resolution in order #29 : 65795 (acc : 1489, #lines : 36) 
COMMENT Mean spectral resolution in order #30 : 67205 (acc : 756, #lines : 41)  
COMMENT Mean spectral resolution in order #31 : 65939 (acc : 1615, #lines : 35) 
COMMENT Mean spectral resolution in order #32 : 66056 (acc : 1501, #lines : 31) 
COMMENT Mean spectral resolution in order #33 : 68646 (acc : 1624, #lines : 33) 
COMMENT Mean spectral resolution in order #34 : 69451 (acc : 2543, #lines : 43) 
COMMENT Mean spectral resolution in order #35 : 70709 (acc : 2256, #lines : 38) 
COMMENT Mean spectral resolution in order #36 : 67863 (acc : 1072, #lines : 71) 
COMMENT Mean spectral resolution in order #37 : 65947 (acc : 574, #lines : 91)  
COMMENT Mean spectral resolution in order #38 : 65820 (acc : 556, #lines : 84)  
COMMENT Mean spectral resolution in order #39 : 65876 (acc : 684, #lines : 63)  
COMMENT Mean spectral resolution in order #40 : 65103 (acc : 881, #lines : 60)  
COMMENT Mean spectral resolution in order #41 : 65384 (acc : 519, #lines : 76)  
COMMENT Mean spectral resolution in order #42 : 65639 (acc : 745, #lines : 81)  
COMMENT Mean spectral resolution in order #43 : 65137 (acc : 718, #lines : 73)  
COMMENT Mean spectral resolution in order #44 : 65526 (acc : 783, #lines : 71)  
COMMENT Mean spectral resolution in order #45 : 67077 (acc : 915, #lines : 62)  
COMMENT Mean spectral resolution in order #46 : 64498 (acc : 759, #lines : 66)  
COMMENT Mean spectral resolution in order #47 : 65255 (acc : 734, #lines : 69)  
COMMENT Mean spectral resolution in order #48 : 64301 (acc : 816, #lines : 66)  
COMMENT Mean spectral resolution in order #49 : 64134 (acc : 1206, #lines : 59) 
COMMENT Mean spectral resolution in order #50 : 64284 (acc : 585, #lines : 55)  
COMMENT Mean spectral resolution in order #51 : 63631 (acc : 772, #lines : 68)  
COMMENT Mean spectral resolution in order #52 : 64261 (acc : 670, #lines : 68)  
COMMENT Mean spectral resolution in order #53 : 65928 (acc : 727, #lines : 68)  
COMMENT Mean spectral resolution in order #54 : 65190 (acc : 767, #lines : 60)  
COMMENT Mean spectral resolution in order #55 : 64626 (acc : 738, #lines : 66)  
COMMENT Mean spectral resolution in order #56 : 65470 (acc : 630, #lines : 79)  
COMMENT Mean spectral resolution in order #57 : 65448 (acc : 897, #lines : 63)  
COMMENT Mean spectral resolution in order #58 : 64531 (acc : 923, #lines : 58)  
COMMENT Mean spectral resolution in order #59 : 64552 (acc : 951, #lines : 61)  
COMMENT Mean spectral resolution in order #60 : 65327 (acc : 1891, #lines : 51) 
COMMENT Mean spectral resolution in order #61 : 72591 (acc : 4859, #lines : 33) 
COMMENT ---- End of data from wcal_OLAPA-ab_pol_Normal.out ----                 
ORIGIN  = 'CFHT    '           / Canada-France-Hawaii Telescope                 
LATITUDE=            19.825252 / Latitude (degrees N)                           
LONGITUD=          -155.468876 / Longitude (degrees E)                          
TELSTAT = 'auto_guide'         / Telescope Control System status                
TIMESYS = 'UTC     '           / Time System for DATExxxx and TIMExxxx          
DATE-OB1= '2019-03-15'         / Date at start of observation (UTC)             
DATE-OB2= '2019-03-15'         / Date at start of observation (UTC)             
DATE-OB3= '2019-03-15'         / Date at start of observation (UTC)             
DATE-OB4= '2019-03-15'         / Date at start of observation (UTC)             
HSTTIME = 'Fri Mar 15 07:20:36 HST 2019' / Local time in Hawaii of reduction    
QSOVALI1= 'VALIDATED'          / QSO validation state                           
QSOVALI2= 'VALIDATED'          / QSO validation state                           
QSOVALI3= 'VALIDATED'          / QSO validation state                           
QSOVALI4= 'VALIDATED'          / QSO validation state                           
QSOGRAD1=                    1 / QSO grade (1=good 5=unusable)                  
QSOGRAD2=                    1 / QSO grade (1=good 5=unusable)                  
QSOGRAD3=                    1 / QSO grade (1=good 5=unusable)                  
QSOGRAD4=                    1 / QSO grade (1=good 5=unusable)                  
NONSIDE1=                    F / Non-sidereal used                              
NONSIDE2=                    F / Non-sidereal used                              
NONSIDE3=                    F / Non-sidereal used                              
NONSIDE4=                    F / Non-sidereal used                              
ISPHOTO1=                    T / Is photometric                                 
ISPHOTO2=                    T / Is photometric                                 
ISPHOTO3=                    T / Is photometric                                 
ISPHOTO4=                    T / Is photometric                                 
IQREQUE1= '1.00-1.50'          / Requested IQ in arcsec                         
IQREQUE2= '1.00-1.50'          / Requested IQ in arcsec                         
IQREQUE3= '1.00-1.50'          / Requested IQ in arcsec                         
IQREQUE4= '1.00-1.50'          / Requested IQ in arcsec                         
IQMEASU1= 'Unknown '           / Measured IQ in arcsec                          
IQMEASU2= 'Unknown '           / Measured IQ in arcsec                          
IQMEASU3= 'Unknown '           / Measured IQ in arcsec                          
IQMEASU4= 'Unknown '           / Measured IQ in arcsec                          
UTIME   = '07:20:36'           / UTC time of reduction                          
UTIME1  = '6:20:27.25'         / Time at start of observation (UT)              
UTIME2  = '6:22:01.39'         / Time at start of observation (UT)              
UTIME3  = '6:23:37.27'         / Time at start of observation (UT)              
UTIME4  = '6:25:12.26'         / Time at start of observation (UT)              
UTC-OBS1= '6:20:27.25'         / Time at start of observation (UTC)             
UTC-OBS2= '6:22:01.39'         / Time at start of observation (UTC)             
UTC-OBS3= '6:23:37.27'         / Time at start of observation (UTC)             
UTC-OBS4= '6:25:12.26'         / Time at start of observation (UTC)             
TIME-OB1= '6:20:31.415'        / Time at start of observation (unix)            
TIME-OB2= '6:22:07.290'        / Time at start of observation (unix)            
TIME-OB3= '6:23:42.299'        / Time at start of observation (unix)            
TIME-OB4= '6:25:17.833'        / Time at start of observation (unix)            
MJDATE1 = '58557.264'          / Modified Julian Date at start of observation   
MJDATE2 = '58557.265'          / Modified Julian Date at start of observation   
MJDATE3 = '58557.266'          / Modified Julian Date at start of observation   
MJDATE4 = '58557.268'          / Modified Julian Date at start of observation   
MJD-OBS1= '58557.264'          / Modified Julian Date at start of obs.          
MJD-OBS2= '58557.265'          / Modified Julian Date at start of obs.          
MJD-OBS3= '58557.266'          / Modified Julian Date at start of obs.          
MJD-OBS4= '58557.268'          / Modified Julian Date at start of obs.          
SIDTIME1= '7:28:52.29'         / Sidereal time at end of exposure               
SIDTIME2= '7:30:26.69'         / Sidereal time at end of exposure               
SIDTIME3= '7:32:02.83'         / Sidereal time at end of exposure               
SIDTIME4= '7:33:38.08'         / Sidereal time at end of exposure               
LST-OBS1= '7:28:52.29'         / Sidereal time at start of exposure             
LST-OBS2= '7:30:26.69'         / Sidereal time at start of exposure             
LST-OBS3= '7:32:02.83'         / Sidereal time at start of exposure             
LST-OBS4= '7:33:38.08'         / Sidereal time at start of exposure             
DATEEND1= '2019-03-15'         / Date at end of observation (UTC)               
DATEEND2= '2019-03-15'         / Date at end of observation (UTC)               
DATEEND3= '2019-03-15'         / Date at end of observation (UTC)               
DATEEND4= '2019-03-15'         / Date at end of observation (UTC)               
UTCEND1 = '6:22:01.19'         / Time at end of observation (UTC)               
UTCEND2 = '6:23:37.07'         / Time at end of observation (UTC)               
UTCEND3 = '6:25:12.12'         / Time at end of observation (UTC)               
UTCEND4 = '6:26:47.69'         / Time at end of observation (UTC)               
TIMEEND1= '6:21:41.457'        / Time at end of observation (unix)              
TIMEEND2= '6:23:17.331'        / Time at end of observation (unix)              
TIMEEND3= '6:24:52.340'        / Time at end of observation (unix)              
TIMEEND4= '6:26:27.874'        / Time at end of observation (unix)              
MJDEND1 = '58557.265'          / Modified Julian Date at end of obs.            
MJDEND2 = '58557.266'          / Modified Julian Date at end of obs.            
MJDEND3 = '58557.268'          / Modified Julian Date at end of obs.            
MJDEND4 = '58557.269'          / Modified Julian Date at end of obs.            
LSTEND1 = '7:30:26.49'         / Sidereal time at end of exposure               
LSTEND2 = '7:32:02.63'         / Sidereal time at end of exposure               
LSTEND3 = '7:33:37.93'         / Sidereal time at end of exposure               
LSTEND4 = '7:35:13.77'         / Sidereal time at end of exposure               
EQUINOX =               2000.0 / Equinox of coordinates                         
RADECSYS= 'FK5     '           / Coordinate system for equinox (FK4/FK5/GAPPT)  
RA      = '6:31:51.37'         / Telescope right ascension                      
DEC     = '-23:25:06.3'        / Telescope declination                          
HA1     = '0:57:00.92'         / Object hour angle at start of exposure         
HA2     = '0:58:35.32'         / Object hour angle at start of exposure         
HA3     = '1:00:11.46'         / Object hour angle at start of exposure         
HA4     = '1:01:46.71'         / Object hour angle at start of exposure         
HAEND1  = '0:58:35.12'         / Object hour angle at end of exposure           
HAEND2  = '1:00:11.26'         / Object hour angle at end of exposure           
HAEND3  = '1:01:46.56'         / Object hour angle at end of exposure           
HAEND4  = '1:03:22.40'         / Object hour angle at end of exposure           
INSTZRA =                 0.00 / Instrument zero for RA in arc seconds          
INSTZDEC=                 0.00 / Instrument zero for Dec in arc seconds         
RA_DEG  =            97.964042 / Telescope right ascension in degrees           
DEC_DEG =           -23.418417 / Telescope declination in degrees               
OBJNAME = 'newGSC  '           / Target name                                    
OBJMAG  =                  4.3 / Target magnitude                               
OBJEQUIN=               2000.0 / Target equinox                                 
OBJRADEC= 'FK5     '           / Coordinate system for equinox (FK4/FK5/GAPPT)  
OBJRA   = '6:31:51.37'         / Target right ascension                         
OBJDEC  = '-23:25:06.3'        / Target declination                             
OBJRAPM =                 0.00 / Target right ascension proper motion in as/yr  
OBJDECPM=                 0.00 / Target declination proper motion in as/yr      
NGUIDER =                    1 / TCS Number of guiders                          
NGUISTAR=                    1 / TCS number of guide stars/probes in use        
GUINAME = 'Cass    '           / TCS guider name                                
GUIEQUIN=               2000.0 / TCS guider equinox                             
GUIRADEC= 'FK5     '           / TCS guider system for equinox                  
GUIRA   = '6:33:24.27'         / TCS guider right ascension                     
GUIDEC  = '-23:29:10.4'        / TCS guider declination                         
GUIRAPM =                 0.00 / TCS guider right ascension proper motion arcsec
GUIDECPM=                 0.00 / TCS guider declination proper motion arcsec    
GUIOBJN = 'auto GSC: 0'        / TCS guider object name                         
GUIMAGN =              -9999.9 / TCS guider object magnitude                    
XPROBE  =             -175.000 / Telescope bonnette guide probe X position      
YPROBE  =               34.000 / Telescope bonnette guide probe Y position      
ZPROBE  =              402.000 / Telescope bonnette guide probe Z position      
GUIFLUX =                -9999 / TCS guider flux                                
GUIFWHX =             -9999.90 / TCS guider average x FWHM in pixels            
GUIFWHY =             -9999.90 / TCS guider average y FWHM in pixels            
SKYFLUX =                -9999 / TCS total sky flux                             
AIRMASS1= '1.42300 '           / Airmass at start of observation                
AIRMASS2= '1.42600 '           / Airmass at start of observation                
AIRMASS3= '1.43000 '           / Airmass at start of observation                
AIRMASS4= '1.43300 '           / Airmass at start of observation                
TELALT1 = '44.6185 '           / Telescope altitude at start of observation, deg
TELALT2 = '44.5013 '           / Telescope altitude at start of observation, deg
TELALT3 = '44.3787 '           / Telescope altitude at start of observation, deg
TELALT4 = '44.2544 '           / Telescope altitude at start of observation, deg
TELAZ1  = '198.22720'          / Telescope azimuth at start, deg, 0=N 90=E 270=W
TELAZ2  = '198.70490'          / Telescope azimuth at start, deg, 0=N 90=E 270=W
TELAZ3  = '199.19070'          / Telescope azimuth at start, deg, 0=N 90=E 270=W
TELAZ4  = '199.66850'          / Telescope azimuth at start, deg, 0=N 90=E 270=W
DOMEAZ  =                196.3 / Dome azimuth at start, deg, 0=N 90=E 270=W     
MOONANG1= '45.2000 '           / Angle from object to moon at start in degrees  
MOONANG2= '45.2000 '           / Angle from object to moon at start in degrees  
MOONANG3= '45.2000 '           / Angle from object to moon at start in degrees  
MOONANG4= '45.2000 '           / Angle from object to moon at start in degrees  
MOONPHA1= '0.600000'           / Angle from object to moon at start in degrees  
MOONPHA2= '0.600000'           / Angle from object to moon at start in degrees  
MOONPHA3= '0.600000'           / Angle from object to moon at start in degrees  
MOONPHA4= '0.600000'           / Angle from object to moon at start in degrees  
MOONUP1 = 'True    '           / Moon up? True or False                         
MOONUP2 = 'True    '           / Moon up? True or False                         
MOONUP3 = 'True    '           / Moon up? True or False                         
MOONUP4 = 'True    '           / Moon up? True or False                         
MOONALT1= '74.0000 '           / Moon altitude at start in degrees              
MOONALT2= '73.5000 '           / Moon altitude at start in degrees              
MOONALT3= '73.1000 '           / Moon altitude at start in degrees              
MOONALT4= '72.9000 '           / Moon altitude at start in degrees              
MOONAZ1 = '279.400 '           / Moon azimuth at start in deg, 0=N 90=E 270=W   
MOONAZ2 = '279.300 '           / Moon azimuth at start in deg, 0=N 90=E 270=W   
MOONAZ3 = '279.200 '           / Moon azimuth at start in deg, 0=N 90=E 270=W   
MOONAZ4 = '279.200 '           / Moon azimuth at start in deg, 0=N 90=E 270=W   
FOCUSID1= 'Cass    '           / Telescope focus in use                         
FOCUSID2= 'Cass    '           / Telescope focus in use                         
FOCUSID3= 'Cass    '           / Telescope focus in use                         
FOCUSID4= 'Cass    '           / Telescope focus in use                         
TELCONF = 'Cass    '           / Telescope focus in use                         
CALFOCUS=               11.888 / Telescope focus calculated from model in mm    
DEFOCUS =                0.000 / Telescope defocus from calculated in mm        
FOCUSPO1= '11887   '           / Telescope focus encoder readout                
FOCUSPO2= '11887   '           / Telescope focus encoder readout                
FOCUSPO3= '11887   '           / Telescope focus encoder readout                
FOCUSPO4= '11887   '           / Telescope focus encoder readout                
TELFOCUS=                11887 / Telescope focus encoder readout in microns     
BONANGLE=                 0.00 / Telescope bonnette rotation angle in degrees   
ROTANGLE=                 0.00 / Telescope bonnette rotation angle in degrees   
TCSGPSBC= '0211 06:20:09.832367' / TCS GPS read out in BCD                      
TCSGPSTM=              6.33606 / TCS GPS clock time in decimal hours            
TCSRBUSS= '21:55:00.000'       / TCS RBUSS clock time                           
TCSEPICS= '20190315 06:20:08.839' / TCS EPICS clock time                        
TCSAMODE= 'O       '           / TCS acquire mode - T/O/G/g/P for t/o/g coords  
TCSMJD  =        58557.2640023 / TCS MJD                                        
TCSLST  =              7.47633 / TCS LST in decimal hours                       
TCSAPHA =             13.98242 / TCS apparent hour angle in degrees             
TCSAPDEC=            -23.43813 / TCS apparent declination in degrees            
TCSOBHA =             13.97880 / TCS observed hour angle in degrees             
TCSOBDEC=            -23.42851 / TCS observed declination in degrees            
TCSENHA =                    0 / TCS hour angle absolute encoder in bits        
TCSENDEC=                    0 / TCS declination absolute encoder in bits       
TCSEDHA =             13.97183 / TCS hour angle absolute encoder in degrees     
TCSEDDEC=            -23.43644 / TCS declination absolute encoder in degrees    
TCSINHA =                   13 / TCS hour angle incremental encoder in bits     
TCSINDEC=                  -23 / TCS declination incremental encoder in bits    
TCSSEHA =                -0.12 / TCS hour angle servo error in arcsec           
TCSSEDEC=                 0.00 / TCS declination servo error in arcsec          
TCSGEHA =                 0.00 / TCS hour angle guider error in arcsec          
TCSGEDEC=                 0.00 / TCS declination guider error in arcsec         
TCSPMHA =              288.061 / TCS hour angle pointing model output in arcsec 
TCSPMDEC=               87.578 / TCS declination pointing model output in arcsec
TCSAMHA =                0.000 / TCS hour angle encoder model in arcsec         
TCSAMDEC=               14.990 / TCS declination encoder model in arcsec        
TCSVMHA =                0.000 / TCS hour angle virtual encoder model in arcsec 
TCSVMDEC=                0.000 / TCS declination virtual encoder model in arcsec
TCSCREEP=                0.000 / TCS declination creep model in arcsec          
TCSMVRA =               3.6500 / TCS right ascension acquisition move in arcsec 
TCSMVDEC=              -1.1200 / TCS declination acquisition move in arcsec     
TCSMVX  =            -9999.900 / TCS secondary guider acquisition x move in mm  
TCSMVY  =            -9999.900 / TCS secondary guider acquisition y move in mm  
FFLAMPON= 'OFF     '           / flatfield lamp status ON/OFF                   
FFLAMP1 =                    3 / flatfield lamp 1 intensity                     
FFLAMP2 =                   12 / flatfield lamp 2 intensity                     
CLAMPON = 'OFF     '           / comparison lamp status ON/OFF                  
INSTRUME= 'ESPaDOnS'           / Instrument Name                                
INSTMODE= 'Polarimetry, R=65,000' / Instrument Mode                             
FILTERID=                   -1 / wheel position                                 
FILTER  = 'Unknown '           / description of filter                          
EADCPOS1= 'IN      '           / ESPaDOnS ADC position IN/OUT of beam           
EADCPOS2= 'IN      '           / ESPaDOnS ADC position IN/OUT of beam           
EADCPOS3= 'IN      '           / ESPaDOnS ADC position IN/OUT of beam           
EADCPOS4= 'IN      '           / ESPaDOnS ADC position IN/OUT of beam           
EADC1BEG= '84.8031659248586'   / ADC prism 1 position at start of exposure      
EADC2BEG= '47.2372159090909'   / ADC prism 2 position at start of exposure      
EADC1END= '85.1850901518815'   / ADC prism 1 position at end of exposure        
EADC2END= '46.6508152173913'   / ADC prism 2 position at end of exposure        
ECALIBW1= 'P1      '           / ESPaDOnS calibration wheel position (# and deg)
ECALIBW2= 'P1      '           / ESPaDOnS calibration wheel position (# and deg)
ECALIBW3= 'P1      '           / ESPaDOnS calibration wheel position (# and deg)
ECALIBW4= 'P1      '           / ESPaDOnS calibration wheel position (# and deg)
ERHOMB11= 'P1      '           / ESPaDOnS rhomb 1 position (# and deg)          
ERHOMB12= 'P5      '           / ESPaDOnS rhomb 1 position (# and deg)          
ERHOMB13= 'P3      '           / ESPaDOnS rhomb 1 position (# and deg)          
ERHOMB14= 'P7      '           / ESPaDOnS rhomb 1 position (# and deg)          
ERHOMB21= 'P4      '           / ESPaDOnS rhomb 2 position (# and deg)          
ERHOMB22= 'P2      '           / ESPaDOnS rhomb 2 position (# and deg)          
ERHOMB23= 'P2      '           / ESPaDOnS rhomb 2 position (# and deg)          
ERHOMB24= 'P4      '           / ESPaDOnS rhomb 2 position (# and deg)          
EFABPER1= 'P1      '           / ESPaDOnS Fabry Perot position (# and deg)      
EFABPER2= 'P1      '           / ESPaDOnS Fabry Perot position (# and deg)      
EFABPER3= 'P1      '           / ESPaDOnS Fabry Perot position (# and deg)      
EFABPER4= 'P1      '           / ESPaDOnS Fabry Perot position (# and deg)      
EWEDWOL1= 'WOL     '           / ESPaDOnS Wedge/Wollaston slide position WED/WOL
EWEDWOL2= 'WOL     '           / ESPaDOnS Wedge/Wollaston slide position WED/WOL
EWEDWOL3= 'WOL     '           / ESPaDOnS Wedge/Wollaston slide position WED/WOL
EWEDWOL4= 'WOL     '           / ESPaDOnS Wedge/Wollaston slide position WED/WOL
ETEMPPO1= '-43.5100'           / ESPaDOnS polarimeter temperature deg C         
ETEMPPO2= '-43.5100'           / ESPaDOnS polarimeter temperature deg C         
ETEMPPO3= '-43.4400'           / ESPaDOnS polarimeter temperature deg C         
ETEMPPO4= '-43.5100'           / ESPaDOnS polarimeter temperature deg C         
ETEMPCB1= '5.14000 '           / ESPaDOnS calibration box temperature degC      
ETEMPCB2= '5.17000 '           / ESPaDOnS calibration box temperature degC      
ETEMPCB3= '5.17000 '           / ESPaDOnS calibration box temperature degC      
ETEMPCB4= '5.06000 '           / ESPaDOnS calibration box temperature degC      
EGUIDING= 'GO      '           / ESPaDOnS guiding state ON/OFF                  
EGUISEE =                 1.22 / ESPaDOnS guider seeing estimate                
ECAMFOC1= '-3.65000'           / ESPaDOnS camera focus position (mm)            
ECAMFOC2= '-3.65000'           / ESPaDOnS camera focus position (mm)            
ECAMFOC3= '-3.65000'           / ESPaDOnS camera focus position (mm)            
ECAMFOC4= '-3.65000'           / ESPaDOnS camera focus position (mm)            
EHARTPO1= 'OUT     '           / ESPaDOnS hartmann position FULL/DOWN/UP/OUT    
EHARTPO2= 'OUT     '           / ESPaDOnS hartmann position FULL/DOWN/UP/OUT    
EHARTPO3= 'OUT     '           / ESPaDOnS hartmann position FULL/DOWN/UP/OUT    
EHARTPO4= 'OUT     '           / ESPaDOnS hartmann position FULL/DOWN/UP/OUT    
ESLIPOS1= 'P2      '           / ESPaDOnS slicer bench position (# and mm)      
ESLIPOS2= 'P2      '           / ESPaDOnS slicer bench position (# and mm)      
ESLIPOS3= 'P2      '           / ESPaDOnS slicer bench position (# and mm)      
ESLIPOS4= 'P2      '           / ESPaDOnS slicer bench position (# and mm)      
EHALOPO1= 'OUT     '           / ESPaDOnS halogen lamp position IN/OUT          
EHALOPO2= 'OUT     '           / ESPaDOnS halogen lamp position IN/OUT          
EHALOPO3= 'OUT     '           / ESPaDOnS halogen lamp position IN/OUT          
EHALOPO4= 'OUT     '           / ESPaDOnS halogen lamp position IN/OUT          
EHALOGE1= 'OFF     '           / ESPaDOnS halogen lamp state ON/OFF             
EHALOGE2= 'OFF     '           / ESPaDOnS halogen lamp state ON/OFF             
EHALOGE3= 'OFF     '           / ESPaDOnS halogen lamp state ON/OFF             
EHALOGE4= 'OFF     '           / ESPaDOnS halogen lamp state ON/OFF             
ESLICER1= 'P2      '           / ESPaDOnS slicer position (# and deg)           
ESLICER2= 'P2      '           / ESPaDOnS slicer position (# and deg)           
ESLICER3= 'P2      '           / ESPaDOnS slicer position (# and deg)           
ESLICER4= 'P2      '           / ESPaDOnS slicer position (# and deg)           
EDEKKER1= 'P4      '           / ESPaDOnS dekker position (# and mm)            
EDEKKER2= 'P4      '           / ESPaDOnS dekker position (# and mm)            
EDEKKER3= 'P4      '           / ESPaDOnS dekker position (# and mm)            
EDEKKER4= 'P4      '           / ESPaDOnS dekker position (# and mm)            
EEMSHUT1= 'OPEN    '           / ESPaDOnS exposure meter shutter OPEN/CLOSED    
EEMSHUT2= 'OPEN    '           / ESPaDOnS exposure meter shutter OPEN/CLOSED    
EEMSHUT3= 'OPEN    '           / ESPaDOnS exposure meter shutter OPEN/CLOSED    
EEMSHUT4= 'OPEN    '           / ESPaDOnS exposure meter shutter OPEN/CLOSED    
EEMSTAT1= 'ON      '           / ESPaDOnS exposure meter state ON/OFF           
EEMSTAT2= 'ON      '           / ESPaDOnS exposure meter state ON/OFF           
EEMSTAT3= 'ON      '           / ESPaDOnS exposure meter state ON/OFF           
EEMSTAT4= 'ON      '           / ESPaDOnS exposure meter state ON/OFF           
EEMCNTS1= '4069    '           / ESPaDOnS exposure meter counts at end          
EEMCNTS2= '4030    '           / ESPaDOnS exposure meter counts at end          
EEMCNTS3= '4073    '           / ESPaDOnS exposure meter counts at end          
EEMCNTS4= '3760    '           / ESPaDOnS exposure meter counts at end          
EEMSTD  =               330.01 / ESPaDOnS exposure meter count std deviation    
EEMSNR  =               201.30 / ESPaDOnS exposure meter SNR (calib at 730nm)   
ETSP1BEG=                15.60 / ESPaDOnS down mirror temp at start (deg C)     
ETSP2BEG=                15.75 / ESPaDOnS camera temp at start (deg C)          
ETSP3BEG=                15.77 / ESPaDOnS up mirror temp at start (deg C)       
ETSP4BEG=                15.81 / ESPaDOnS hygrometer temp at start (deg C)      
EPRSPBEG=                 0.41 / ESPaDOnS relative pressure at start (mb)       
ERHSPBEG=                21.75 / ESPaDOnS relative humidity at start (%)        
ETSP1END=                15.58 / ESPaDOnS down mirror temp at end (deg C)       
ETSP2END=                15.75 / ESPaDOnS camera temp at end (deg C)            
ETSP3END=                15.75 / ESPaDOnS up mirror temp at end (deg C)         
ETSP4END=                15.51 / ESPaDOnS hygrometer temp at end (deg C)        
EPRSPEND=                 0.40 / ESPaDOnS relative pressure at end (mb)         
ERHSPEND=                21.91 / ESPaDOnS relative humidity at end (%)          
EREADSPD= 'Normal: 4.15e noise, 1.30e/ADU, 19s' / ESPaDOnS det read out xslow/sl
DOMESHUT= 'OPEN    '           / Dome shutter state (OPEN/CLOSED)               
MIRRCOV = 'OPEN    '           / Mirror cover state (OPEN/CLOSED)               
WINDSCR =                    0 / Windscreen elevation in degrees                
DOMELOUV= 'CLOSED  '           / Dome louver state (OPEN/CLOSED)                
VENTMODE= 'MANUAL  '           / Dome venting control mode                      
VENTL1  = '1/3 OPEN:70:70:70'  / Dome vent L1 door and vane configuration       
VENTL2  = 'UNKNOWN:-9999:-9999:-9999' / Dome vent L2 door and vane configuration
VENTL3  = '1/3 OPEN:70:70:70'  / Dome vent L3 door and vane configuration       
VENTL4  = 'UNKNOWN:-9999:-9999:-9999' / Dome vent L4 door and vane configuration
VENTL5  = '1/3 OPEN:70:70:70'  / Dome vent L5 door and vane configuration       
VENTL6  = 'UNKNOWN:-9999:-9999:-9999' / Dome vent L6 door and vane configuration
VENTR1  = '1/3 OPEN:70:70:70'  / Dome vent R1 door and vane configuration       
VENTR2  = 'UNKNOWN:-9999:-9999:-9999' / Dome vent R2 door and vane configuration
VENTR3  = '1/3 OPEN:70:70:70'  / Dome vent R3 door and vane configuration       
VENTR4  = 'UNKNOWN:-9999:-9999:-9999' / Dome vent R4 door and vane configuration
VENTR5  = '1/3 OPEN:70:70:70'  / Dome vent R5 door and vane configuration       
VENTR6  = 'UNKNOWN:-9999:-9999:-9999' / Dome vent R6 door and vane configuration
TESPMIRE=                -2.70 / 03 temp, surface, primary mirror east deg C    
TESPMIRW=                 1.61 / 02 temp, surface, primary mirror west deg C    
TESPMIRS=                 1.31 / 01 temp, surface, primary mirror west side degC
TEAPMCLW=                 3.20 / 54 temp, air, primary mirror cell west deg C   
TEAMIRCI=               851.29 / 58 temp, air, mirror cooling in at unit deg C  
TEAMIRCO=                 2.80 / 27 temp, air, mirror cooling out at cell deg C 
TEAPMSPN=             -9999.90 / 65 temp, air, mirror spigot north cass deg C   
TEAPMSPS=                 2.56 / 64 temp, air, mirror spigot nouth M3 deg C     
TEATRNGE=                 4.50 / 23 temp, air, top ring east deg C              
TEATRNGW=                 4.38 / 06 temp, air, top ring west deg C              
TEANRLSB=                11.86 / 19 temp, air, north rail support beam deg C    
TESHRSET=                13.29 / 08 temp, surface, horseshoe east top deg C     
TESTTRSH=                 3.95 / 97 temp, surface, telescope truss S high deg C 
TESTTRNM=                 3.54 / 94 temp, surface, telescope truss N mid deg C  
TESTTREM=                 4.18 / 95 temp, surface, telescope truss E mid deg C  
TESTTRWM=                 4.11 / 96 temp, surface, telescope truss W mid deg C  
TESTTRSL=                 3.81 / 98 temp, surface, telescope truss S low deg C  
TESTTRSE=                 3.22 / 69 temp, surface, telescope truss SE lower degC
TEALOWWS=                 0.00 / 38 temp, air, dome lower weather stat side degC
TEATOPWS=                -2.70 / 36 temp, air, dome top weather stat side deg C 
TEATOPOP=               849.80 / 37 temp, air, dome top opposite weath side degC
TEA2INCH=                 3.49 / 45 temp, air, two inches above fifth floor degC
TEA2INEB=                 2.20 / 53 temp, air, two inches up by electronics degC
TEA6FOOT=                 4.23 / 43 temp, air, six feet above fifth floor deg C 
TESCONRM=                 2.55 / 61 temp, surface, floor above control room degC
TESPIERN=                 4.20 / 59 temp, surface, floor by north pier deg C    
TESPIERS=                 2.80 / 60 temp, surface, floor by south pier deg C    
TEAWTHRT=                 5.20 / 35 temp, air, weathertron deg C                
TEMPERAT=                 4.74 / 86 temp, air, weather tower deg C              
WINDSPED=                 0.01 / 84 wind speed, weather tower knots             
WINDDIR =               175.17 / 85 wind direction, weather tower deg (N=0 E=90)
RELHUMID=                 6.93 / 87 relative humidity, weather tower %          
PRESSURE=               617.63 / 31 barometric pressure, control room mb        
DDSEEMEN=             -9999.90 / Dome DIMM mean seeing, arc seconds             
DDSEEMED=             -9999.90 / Dome DIMM median seeing, arc seconds           
DDSEEMOD=             -9999.90 / Dome DIMM mode seeing, arc seconds             
DDSEESTD=             -9999.90 / Dome DIMM seeing deviation, arc seconds        
WMSEEMEN=                 0.92 / Weather tower MASS mean seeing, arc seconds    
WMSEEMED=                 0.92 / Weather tower MASS median seeing, arc seconds  
WMSEEMOD=                 0.92 / Weather tower MASS mode seeing, arc seconds    
WMSEESTD=                 0.00 / Weather tower MASS seeing deviation, arc second
WDSEEMEN=                 0.82 / Weather tower DIMM mean seeing, arc seconds    
WDSEEMED=                 0.82 / Weather tower DIMM median seeing, arc seconds  
WDSEEMOD=                 0.82 / Weather tower DIMM mode seeing, arc seconds    
WDSEESTD=                 0.00 / Weather tower DIMM seeing deviation, arc second
SPOZPMEN=                 0.04 / SkyProbe (orig) mean absorption, magnitude     
SPOZPMED=                 0.04 / SkyProbe (orig) median absorption, magnitude   
SPOZPMOD=                 0.04 / SkyProbe (orig) mode absorption, magnitude     
SPOZPSTD=                 0.01 / SkyProbe (orig) absorption deviation, magnitude
QRUNID  = '19AQ04  '           / queue run id                                   
QOBSERVE= 'Cam Wipper'         / queue observer                                 
QCOORD  = 'Nadine Manset'      / queue coordinator                              
QID     = 55700500000000066645 / queue id                                       
QOBSEQID= 55301400000000280613 / queue ob sequence id                           
QICSEQID= 55351200000000311287 / queue ic sequence id                           
QOBITER =                    1 / queue ob iteration                             
REL_DATE= '2020-08-31T00:00:00' / queue release date                            
MET_DATE= '2019-03-15T00:00:00' / queue metadata release date                   
QICLABEL= 'IC1     '           / queue instrument configuration label           
SNRGOAL =                 0.00 / Goal SNR per pixel per frame                   
SNRWAVE =                  730 / Wavelength of goal SNR [nm]                    
OBJTEMP =                27000 / Object effective temperature                   